<?xml version="1.0" encoding="UTF-8"?>
<!-- Generated by org.testng.reporters.JUnitXMLReporter -->
<testsuite ignored="0" hostname="Tech-Nayan" failures="0" tests="3" name="Default test" time="131.866" errors="0" timestamp="20 Apr 2023 10:11:39 GMT">
  <testcase classname="growpitalTestClass.ValidatingUploadFiles" name="ValidationOfUploadingPancard" time="17.406"/>
  <testcase classname="growpitalTestClass.ValidatingUploadFiles" name="ValidationOfUploadingAadhaarcard" time="17.341"/>
  <testcase classname="growpitalTestClass.ValidatingUploadFiles" name="ValidationOfUploadingCancelledCheque" time="17.382"/>
</testsuite> <!-- Default test -->
